project2_Solution_color_SKELETON/build/intermediates/manifest_merge_blame_file/debug/manifest-merger-blame-debug-report.txt
1<?xml version="1.0" encoding="utf-8"?>
2<manifest xmlns:android="http://schemas.android.com/apk/res/android"
3    package="com.example.solution_color"
4    android:versionCode="1"
5    android:versionName="1.0" >
6
7    <uses-sdk
8        android:minSdkVersion="23"
8-->src\main\AndroidManifest.xml
9        android:targetSdkVersion="29" />
9-->src\main\AndroidManifest.xml
10
11    <uses-permission android:name="android.permission.CAMERA" />
11-->src\main\AndroidManifest.xml:5:5-65
11-->src\main\AndroidManifest.xml:5:22-62
12    <uses-permission android:name="android.permission.WRITE_EXTERNAL_STORAGE" />
12-->src\main\AndroidManifest.xml:6:5-81
12-->src\main\AndroidManifest.xml:6:22-78
13    <uses-permission android:name="android.permission.READ_EXTERNAL_STORAGE" />
13-->src\main\AndroidManifest.xml:7:5-80
13-->src\main\AndroidManifest.xml:7:22-77
14
15    <application
15-->src\main\AndroidManifest.xml:9:5-44:19
16        android:allowBackup="true"
16-->src\main\AndroidManifest.xml:10:9-35
17        android:appComponentFactory="androidx.core.app.CoreComponentFactory"
17-->[androidx.core:core:1.1.0] AndroidManifest.xml:24:18-86
18        android:debuggable="true"
19        android:icon="@drawable/camera"
19-->src\main\AndroidManifest.xml:11:9-40
20        android:label="@string/app_name"
20-->src\main\AndroidManifest.xml:12:9-41
21        android:testOnly="true"
22        android:theme="@style/AppTheme" >
22-->src\main\AndroidManifest.xml:13:9-40
23
24        <!-- see https://developer.android.com/reference/androidx/core/content/FileProvider -->
25        <provider
25-->src\main\AndroidManifest.xml:15:9-23:20
26            android:name="androidx.core.content.FileProvider"
26-->src\main\AndroidManifest.xml:16:13-62
27            android:authorities="com.example.solution_color.fileprovider"
27-->src\main\AndroidManifest.xml:17:13-74
28            android:exported="false"
28-->src\main\AndroidManifest.xml:18:13-37
29            android:grantUriPermissions="true" >
29-->src\main\AndroidManifest.xml:19:13-47
30            <meta-data
30-->src\main\AndroidManifest.xml:20:13-22:54
31                android:name="android.support.FILE_PROVIDER_PATHS"
31-->src\main\AndroidManifest.xml:21:17-67
32                android:resource="@xml/file_paths" />
32-->src\main\AndroidManifest.xml:22:17-51
33        </provider>
34
35        <activity
35-->src\main\AndroidManifest.xml:25:9-27:58
36            android:name="com.example.solution_color.SettingsActivity"
36-->src\main\AndroidManifest.xml:26:13-45
37            android:parentActivityName="com.example.solution_color.MainActivity" />
37-->src\main\AndroidManifest.xml:27:13-55
38        <activity
38-->src\main\AndroidManifest.xml:28:9-43:20
39            android:name="com.example.solution_color.MainActivity"
39-->src\main\AndroidManifest.xml:29:13-41
40            android:configChanges="keyboardHidden|orientation"
40-->src\main\AndroidManifest.xml:30:13-63
41            android:label="@string/app_name"
41-->src\main\AndroidManifest.xml:31:13-45
42            android:screenOrientation="portrait"
42-->src\main\AndroidManifest.xml:32:13-49
43            android:theme="@style/AppTheme.NoActionBar" >
43-->src\main\AndroidManifest.xml:33:13-56
44
45            <!--
46                   android:screenOrientation="portrait" ensures that the app is always in portrait even when phone rotated
47      	 		consider what this means for phones with a slide out keyboard, they rotate the phone slide out the keyboard and
48      	 		discover, to their horror, that the app does not rotate.  So please dont ever do this in another app
49            -->
50            <intent-filter>
50-->src\main\AndroidManifest.xml:39:13-42:29
51                <action android:name="android.intent.action.MAIN" />
51-->src\main\AndroidManifest.xml:40:17-69
51-->src\main\AndroidManifest.xml:40:25-66
52
53                <category android:name="android.intent.category.LAUNCHER" />
53-->src\main\AndroidManifest.xml:41:17-77
53-->src\main\AndroidManifest.xml:41:27-74
54            </intent-filter>
55        </activity>
56    </application>
57
58</manifest>